{"/Users/knekkal/Desktop/sub-reddit/__test__/test-utils.js": {"path":"/Users/knekkal/Desktop/sub-reddit/__test__/test-utils.js","statementMap":{"0":{"start":{"line":6,"column":18},"end":{"line":8,"column":1}},"1":{"start":{"line":7,"column":2},"end":{"line":7,"column":18}},"2":{"start":{"line":10,"column":21},"end":{"line":11,"column":48}},"3":{"start":{"line":11,"column":2},"end":{"line":11,"column":48}}},"fnMap":{"0":{"name":"(anonymous_0)","decl":{"start":{"line":6,"column":18},"end":{"line":6,"column":19}},"loc":{"start":{"line":6,"column":36},"end":{"line":8,"column":1}},"line":6},"1":{"name":"(anonymous_1)","decl":{"start":{"line":10,"column":21},"end":{"line":10,"column":22}},"loc":{"start":{"line":11,"column":2},"end":{"line":11,"column":48}},"line":11}},"branchMap":{"0":{"loc":{"start":{"line":10,"column":26},"end":{"line":10,"column":38}},"type":"default-arg","locations":[{"start":{"line":10,"column":36},"end":{"line":10,"column":38}}],"line":10}},"s":{"0":7,"1":7,"2":7,"3":7},"f":{"0":7,"1":7},"b":{"0":[7]},"_coverageSchema":"1a1c01bbd47fc00a2c39e90264f33305004495a9","hash":"762d93d82d5e823dd5a4088635bb0a025da0139b"}
,"/Users/knekkal/Desktop/sub-reddit/__test__/data/post-comments.js": {"path":"/Users/knekkal/Desktop/sub-reddit/__test__/data/post-comments.js","statementMap":{"0":{"start":{"line":1,"column":20},"end":{"line":151,"column":1}}},"fnMap":{},"branchMap":{},"s":{"0":1},"f":{},"b":{},"_coverageSchema":"1a1c01bbd47fc00a2c39e90264f33305004495a9","hash":"69332419d5bbc97f1934d454a58ca8d986bd46af"}
,"/Users/knekkal/Desktop/sub-reddit/__test__/data/user-data.js": {"path":"/Users/knekkal/Desktop/sub-reddit/__test__/data/user-data.js","statementMap":{"0":{"start":{"line":1,"column":20},"end":{"line":67,"column":1}}},"fnMap":{},"branchMap":{},"s":{"0":1},"f":{},"b":{},"_coverageSchema":"1a1c01bbd47fc00a2c39e90264f33305004495a9","hash":"3b7a7a5d66b379e59655d18a35fa39feeb6bcf8e"}
,"/Users/knekkal/Desktop/sub-reddit/pages/index.js": {"path":"/Users/knekkal/Desktop/sub-reddit/pages/index.js","statementMap":{"0":{"start":{"line":3,"column":17},"end":{"line":3,"column":59}},"1":{"start":{"line":3,"column":23},"end":{"line":3,"column":59}}},"fnMap":{"0":{"name":"(anonymous_0)","decl":{"start":{"line":3,"column":17},"end":{"line":3,"column":18}},"loc":{"start":{"line":3,"column":23},"end":{"line":3,"column":59}},"line":3}},"branchMap":{},"s":{"0":1,"1":1},"f":{"0":1},"b":{},"_coverageSchema":"1a1c01bbd47fc00a2c39e90264f33305004495a9","hash":"a698a59386c6f040739b53dd2ce9ee3753ba3bd8"}
,"/Users/knekkal/Desktop/sub-reddit/src/components/common/about-user.jsx": {"path":"/Users/knekkal/Desktop/sub-reddit/src/components/common/about-user.jsx","statementMap":{"0":{"start":{"line":10,"column":2},"end":{"line":43,"column":4}}},"fnMap":{"0":{"name":"Display","decl":{"start":{"line":9,"column":24},"end":{"line":9,"column":31}},"loc":{"start":{"line":9,"column":43},"end":{"line":44,"column":1}},"line":9}},"branchMap":{},"s":{"0":1},"f":{"0":1},"b":{},"_coverageSchema":"1a1c01bbd47fc00a2c39e90264f33305004495a9","hash":"84ad27bf821cebf3d33176b38535890cd3b4a86f"}
,"/Users/knekkal/Desktop/sub-reddit/src/components/common/about.jsx": {"path":"/Users/knekkal/Desktop/sub-reddit/src/components/common/about.jsx","statementMap":{"0":{"start":{"line":5,"column":2},"end":{"line":29,"column":4}}},"fnMap":{"0":{"name":"Display","decl":{"start":{"line":4,"column":24},"end":{"line":4,"column":31}},"loc":{"start":{"line":4,"column":43},"end":{"line":30,"column":1}},"line":4}},"branchMap":{},"s":{"0":1},"f":{"0":1},"b":{},"_coverageSchema":"1a1c01bbd47fc00a2c39e90264f33305004495a9","hash":"a77f28d9568506e2340d3d8da303787ef7fa5583"}
,"/Users/knekkal/Desktop/sub-reddit/src/components/common/header.jsx": {"path":"/Users/knekkal/Desktop/sub-reddit/src/components/common/header.jsx","statementMap":{"0":{"start":{"line":9,"column":18},"end":{"line":20,"column":3}},"1":{"start":{"line":9,"column":41},"end":{"line":20,"column":1}},"2":{"start":{"line":23,"column":18},"end":{"line":23,"column":29}},"3":{"start":{"line":25,"column":2},"end":{"line":43,"column":4}}},"fnMap":{"0":{"name":"(anonymous_0)","decl":{"start":{"line":9,"column":29},"end":{"line":9,"column":30}},"loc":{"start":{"line":9,"column":41},"end":{"line":20,"column":1}},"line":9},"1":{"name":"Header","decl":{"start":{"line":22,"column":24},"end":{"line":22,"column":30}},"loc":{"start":{"line":22,"column":33},"end":{"line":44,"column":1}},"line":22}},"branchMap":{},"s":{"0":1,"1":1,"2":1,"3":1},"f":{"0":1,"1":1},"b":{},"_coverageSchema":"1a1c01bbd47fc00a2c39e90264f33305004495a9","hash":"13d98ce5b6d8ccfcf3f1008af1e773f305748325"}
,"/Users/knekkal/Desktop/sub-reddit/src/components/common/post-comment.jsx": {"path":"/Users/knekkal/Desktop/sub-reddit/src/components/common/post-comment.jsx","statementMap":{"0":{"start":{"line":10,"column":18},"end":{"line":20,"column":3}},"1":{"start":{"line":10,"column":41},"end":{"line":20,"column":1}},"2":{"start":{"line":22,"column":2},"end":{"line":57,"column":3}},"3":{"start":{"line":23,"column":4},"end":{"line":54,"column":7}},"4":{"start":{"line":24,"column":6},"end":{"line":53,"column":10}},"5":{"start":{"line":25,"column":8},"end":{"line":25,"column":15}},"6":{"start":{"line":27,"column":8},"end":{"line":53,"column":10}},"7":{"start":{"line":56,"column":4},"end":{"line":56,"column":11}},"8":{"start":{"line":60,"column":21},"end":{"line":76,"column":1}},"9":{"start":{"line":61,"column":18},"end":{"line":61,"column":29}},"10":{"start":{"line":62,"column":19},"end":{"line":62,"column":43}},"11":{"start":{"line":63,"column":2},"end":{"line":75,"column":4}}},"fnMap":{"0":{"name":"(anonymous_0)","decl":{"start":{"line":10,"column":29},"end":{"line":10,"column":30}},"loc":{"start":{"line":10,"column":41},"end":{"line":20,"column":1}},"line":10},"1":{"name":"replieComments","decl":{"start":{"line":21,"column":16},"end":{"line":21,"column":30}},"loc":{"start":{"line":21,"column":41},"end":{"line":58,"column":1}},"line":21},"2":{"name":"(anonymous_2)","decl":{"start":{"line":23,"column":25},"end":{"line":23,"column":26}},"loc":{"start":{"line":23,"column":38},"end":{"line":54,"column":5}},"line":23},"3":{"name":"(anonymous_3)","decl":{"start":{"line":60,"column":21},"end":{"line":60,"column":22}},"loc":{"start":{"line":60,"column":39},"end":{"line":76,"column":1}},"line":60}},"branchMap":{"0":{"loc":{"start":{"line":22,"column":2},"end":{"line":57,"column":3}},"type":"if","locations":[{"start":{"line":22,"column":2},"end":{"line":57,"column":3}},{"start":{"line":22,"column":2},"end":{"line":57,"column":3}}],"line":22},"1":{"loc":{"start":{"line":24,"column":6},"end":{"line":53,"column":10}},"type":"if","locations":[{"start":{"line":24,"column":6},"end":{"line":53,"column":10}},{"start":{"line":24,"column":6},"end":{"line":53,"column":10}}],"line":24}},"s":{"0":1,"1":1,"2":7,"3":3,"4":4,"5":0,"6":4,"7":4,"8":1,"9":1,"10":1,"11":1},"f":{"0":1,"1":7,"2":4,"3":1},"b":{"0":[3,4],"1":[0,4]},"_coverageSchema":"1a1c01bbd47fc00a2c39e90264f33305004495a9","hash":"0ac936765139d48c0b1ea52dfff9b1bed7f742c6"}
,"/Users/knekkal/Desktop/sub-reddit/src/components/common/post-view.jsx": {"path":"/Users/knekkal/Desktop/sub-reddit/src/components/common/post-view.jsx","statementMap":{"0":{"start":{"line":8,"column":17},"end":{"line":8,"column":53}},"1":{"start":{"line":9,"column":17},"end":{"line":9,"column":31}},"2":{"start":{"line":16,"column":18},"end":{"line":39,"column":2}},"3":{"start":{"line":42,"column":2},"end":{"line":42,"column":49}},"4":{"start":{"line":43,"column":2},"end":{"line":43,"column":48}},"5":{"start":{"line":44,"column":2},"end":{"line":44,"column":28}},"6":{"start":{"line":47,"column":2},"end":{"line":51,"column":4}},"7":{"start":{"line":54,"column":24},"end":{"line":134,"column":1}},"8":{"start":{"line":65,"column":18},"end":{"line":65,"column":29}},"9":{"start":{"line":66,"column":26},"end":{"line":66,"column":41}},"10":{"start":{"line":67,"column":2},"end":{"line":133,"column":4}},"11":{"start":{"line":77,"column":29},"end":{"line":77,"column":46}},"12":{"start":{"line":82,"column":30},"end":{"line":82,"column":47}}},"fnMap":{"0":{"name":"createMarkup","decl":{"start":{"line":41,"column":9},"end":{"line":41,"column":21}},"loc":{"start":{"line":41,"column":30},"end":{"line":45,"column":1}},"line":41},"1":{"name":"getElememt","decl":{"start":{"line":46,"column":16},"end":{"line":46,"column":26}},"loc":{"start":{"line":46,"column":41},"end":{"line":52,"column":1}},"line":46},"2":{"name":"(anonymous_2)","decl":{"start":{"line":54,"column":24},"end":{"line":54,"column":25}},"loc":{"start":{"line":64,"column":6},"end":{"line":134,"column":1}},"line":64},"3":{"name":"(anonymous_3)","decl":{"start":{"line":77,"column":23},"end":{"line":77,"column":24}},"loc":{"start":{"line":77,"column":29},"end":{"line":77,"column":46}},"line":77},"4":{"name":"(anonymous_4)","decl":{"start":{"line":82,"column":23},"end":{"line":82,"column":24}},"loc":{"start":{"line":82,"column":30},"end":{"line":82,"column":47}},"line":82}},"branchMap":{"0":{"loc":{"start":{"line":47,"column":9},"end":{"line":51,"column":3}},"type":"cond-expr","locations":[{"start":{"line":48,"column":4},"end":{"line":48,"column":52}},{"start":{"line":50,"column":4},"end":{"line":50,"column":11}}],"line":47},"1":{"loc":{"start":{"line":47,"column":9},"end":{"line":47,"column":36}},"type":"binary-expr","locations":[{"start":{"line":47,"column":9},"end":{"line":47,"column":12}},{"start":{"line":47,"column":16},"end":{"line":47,"column":36}}],"line":47}},"s":{"0":1,"1":1,"2":1,"3":1,"4":1,"5":1,"6":1,"7":1,"8":1,"9":1,"10":1,"11":0,"12":0},"f":{"0":1,"1":1,"2":1,"3":0,"4":0},"b":{"0":[0,1],"1":[1,1]},"_coverageSchema":"1a1c01bbd47fc00a2c39e90264f33305004495a9","hash":"73de96d7bffb8a8b3d06007a4b39d98f6e44ac78"}
,"/Users/knekkal/Desktop/sub-reddit/src/components/common/sub-header.jsx": {"path":"/Users/knekkal/Desktop/sub-reddit/src/components/common/sub-header.jsx","statementMap":{"0":{"start":{"line":5,"column":2},"end":{"line":5,"column":147}},"1":{"start":{"line":8,"column":2},"end":{"line":8,"column":61}},"2":{"start":{"line":12,"column":2},"end":{"line":38,"column":4}}},"fnMap":{"0":{"name":"getImage","decl":{"start":{"line":7,"column":16},"end":{"line":7,"column":24}},"loc":{"start":{"line":7,"column":32},"end":{"line":9,"column":1}},"line":7},"1":{"name":"ButtonAppBar","decl":{"start":{"line":11,"column":24},"end":{"line":11,"column":36}},"loc":{"start":{"line":11,"column":48},"end":{"line":39,"column":1}},"line":11}},"branchMap":{"0":{"loc":{"start":{"line":8,"column":9},"end":{"line":8,"column":60}},"type":"cond-expr","locations":[{"start":{"line":8,"column":17},"end":{"line":8,"column":45}},{"start":{"line":8,"column":48},"end":{"line":8,"column":60}}],"line":8}},"s":{"0":2,"1":4,"2":1},"f":{"0":4,"1":1},"b":{"0":[3,1]},"_coverageSchema":"1a1c01bbd47fc00a2c39e90264f33305004495a9","hash":"ddebccb2efa475a96c8e899b6d49390f40c6516f"}
}
