{"/Users/knekkal/Desktop/sub-reddit/__test__/test-utils.js": {"path":"/Users/knekkal/Desktop/sub-reddit/__test__/test-utils.js","statementMap":{"0":{"start":{"line":6,"column":18},"end":{"line":8,"column":1}},"1":{"start":{"line":7,"column":2},"end":{"line":7,"column":18}},"2":{"start":{"line":10,"column":21},"end":{"line":11,"column":48}},"3":{"start":{"line":11,"column":2},"end":{"line":11,"column":48}}},"fnMap":{"0":{"name":"(anonymous_0)","decl":{"start":{"line":6,"column":18},"end":{"line":6,"column":19}},"loc":{"start":{"line":6,"column":36},"end":{"line":8,"column":1}},"line":6},"1":{"name":"(anonymous_1)","decl":{"start":{"line":10,"column":21},"end":{"line":10,"column":22}},"loc":{"start":{"line":11,"column":2},"end":{"line":11,"column":48}},"line":11}},"branchMap":{"0":{"loc":{"start":{"line":10,"column":26},"end":{"line":10,"column":38}},"type":"default-arg","locations":[{"start":{"line":10,"column":36},"end":{"line":10,"column":38}}],"line":10}},"s":{"0":6,"1":6,"2":6,"3":6},"f":{"0":6,"1":6},"b":{"0":[6]},"_coverageSchema":"1a1c01bbd47fc00a2c39e90264f33305004495a9","hash":"762d93d82d5e823dd5a4088635bb0a025da0139b"}
,"/Users/knekkal/Desktop/sub-reddit/__test__/data/postComments.js": {"path":"/Users/knekkal/Desktop/sub-reddit/__test__/data/postComments.js","statementMap":{"0":{"start":{"line":1,"column":20},"end":{"line":151,"column":1}}},"fnMap":{},"branchMap":{},"s":{"0":1},"f":{},"b":{},"_coverageSchema":"1a1c01bbd47fc00a2c39e90264f33305004495a9","hash":"32c9be4d6ea690d81c8f7eadc79a389e701bf343"}
,"/Users/knekkal/Desktop/sub-reddit/pages/index.js": {"path":"/Users/knekkal/Desktop/sub-reddit/pages/index.js","statementMap":{"0":{"start":{"line":3,"column":17},"end":{"line":3,"column":59}},"1":{"start":{"line":3,"column":23},"end":{"line":3,"column":59}}},"fnMap":{"0":{"name":"(anonymous_0)","decl":{"start":{"line":3,"column":17},"end":{"line":3,"column":18}},"loc":{"start":{"line":3,"column":23},"end":{"line":3,"column":59}},"line":3}},"branchMap":{},"s":{"0":1,"1":1},"f":{"0":1},"b":{},"_coverageSchema":"1a1c01bbd47fc00a2c39e90264f33305004495a9","hash":"a698a59386c6f040739b53dd2ce9ee3753ba3bd8"}
,"/Users/knekkal/Desktop/sub-reddit/src/components/header.jsx": {"path":"/Users/knekkal/Desktop/sub-reddit/src/components/header.jsx","statementMap":{"0":{"start":{"line":9,"column":18},"end":{"line":20,"column":3}},"1":{"start":{"line":9,"column":41},"end":{"line":20,"column":1}},"2":{"start":{"line":23,"column":18},"end":{"line":23,"column":29}},"3":{"start":{"line":25,"column":2},"end":{"line":43,"column":4}}},"fnMap":{"0":{"name":"(anonymous_0)","decl":{"start":{"line":9,"column":29},"end":{"line":9,"column":30}},"loc":{"start":{"line":9,"column":41},"end":{"line":20,"column":1}},"line":9},"1":{"name":"Header","decl":{"start":{"line":22,"column":24},"end":{"line":22,"column":30}},"loc":{"start":{"line":22,"column":33},"end":{"line":44,"column":1}},"line":22}},"branchMap":{},"s":{"0":1,"1":1,"2":1,"3":1},"f":{"0":1,"1":1},"b":{},"_coverageSchema":"1a1c01bbd47fc00a2c39e90264f33305004495a9","hash":"83da1b4be08fc1bbc9f056d89c44d6eca7d8669f"}
,"/Users/knekkal/Desktop/sub-reddit/src/components/subHeader.jsx": {"path":"/Users/knekkal/Desktop/sub-reddit/src/components/subHeader.jsx","statementMap":{"0":{"start":{"line":5,"column":2},"end":{"line":5,"column":147}},"1":{"start":{"line":8,"column":2},"end":{"line":8,"column":60}},"2":{"start":{"line":12,"column":2},"end":{"line":38,"column":4}}},"fnMap":{"0":{"name":"getImage","decl":{"start":{"line":7,"column":16},"end":{"line":7,"column":24}},"loc":{"start":{"line":7,"column":32},"end":{"line":9,"column":1}},"line":7},"1":{"name":"ButtonAppBar","decl":{"start":{"line":11,"column":24},"end":{"line":11,"column":36}},"loc":{"start":{"line":11,"column":48},"end":{"line":39,"column":1}},"line":11}},"branchMap":{"0":{"loc":{"start":{"line":8,"column":9},"end":{"line":8,"column":59}},"type":"cond-expr","locations":[{"start":{"line":8,"column":17},"end":{"line":8,"column":44}},{"start":{"line":8,"column":47},"end":{"line":8,"column":59}}],"line":8}},"s":{"0":1,"1":2,"2":1},"f":{"0":2,"1":1},"b":{"0":[1,1]},"_coverageSchema":"1a1c01bbd47fc00a2c39e90264f33305004495a9","hash":"a8c1c3583c08b50e67e397c6efc65779f43df74e"}
,"/Users/knekkal/Desktop/sub-reddit/src/components/common/about.jsx": {"path":"/Users/knekkal/Desktop/sub-reddit/src/components/common/about.jsx","statementMap":{"0":{"start":{"line":5,"column":2},"end":{"line":29,"column":4}}},"fnMap":{"0":{"name":"Display","decl":{"start":{"line":4,"column":24},"end":{"line":4,"column":31}},"loc":{"start":{"line":4,"column":43},"end":{"line":30,"column":1}},"line":4}},"branchMap":{},"s":{"0":1},"f":{"0":1},"b":{},"_coverageSchema":"1a1c01bbd47fc00a2c39e90264f33305004495a9","hash":"a77f28d9568506e2340d3d8da303787ef7fa5583"}
,"/Users/knekkal/Desktop/sub-reddit/src/components/common/postComment.jsx": {"path":"/Users/knekkal/Desktop/sub-reddit/src/components/common/postComment.jsx","statementMap":{"0":{"start":{"line":9,"column":18},"end":{"line":19,"column":3}},"1":{"start":{"line":9,"column":41},"end":{"line":19,"column":1}},"2":{"start":{"line":21,"column":2},"end":{"line":52,"column":3}},"3":{"start":{"line":22,"column":4},"end":{"line":49,"column":7}},"4":{"start":{"line":23,"column":6},"end":{"line":48,"column":8}},"5":{"start":{"line":51,"column":4},"end":{"line":51,"column":11}},"6":{"start":{"line":55,"column":21},"end":{"line":72,"column":1}},"7":{"start":{"line":56,"column":18},"end":{"line":56,"column":29}},"8":{"start":{"line":57,"column":19},"end":{"line":57,"column":43}},"9":{"start":{"line":58,"column":2},"end":{"line":71,"column":4}}},"fnMap":{"0":{"name":"(anonymous_0)","decl":{"start":{"line":9,"column":29},"end":{"line":9,"column":30}},"loc":{"start":{"line":9,"column":41},"end":{"line":19,"column":1}},"line":9},"1":{"name":"replieComments","decl":{"start":{"line":20,"column":16},"end":{"line":20,"column":30}},"loc":{"start":{"line":20,"column":41},"end":{"line":53,"column":1}},"line":20},"2":{"name":"(anonymous_2)","decl":{"start":{"line":22,"column":25},"end":{"line":22,"column":26}},"loc":{"start":{"line":22,"column":38},"end":{"line":49,"column":5}},"line":22},"3":{"name":"(anonymous_3)","decl":{"start":{"line":55,"column":21},"end":{"line":55,"column":22}},"loc":{"start":{"line":55,"column":39},"end":{"line":72,"column":1}},"line":55}},"branchMap":{"0":{"loc":{"start":{"line":21,"column":2},"end":{"line":52,"column":3}},"type":"if","locations":[{"start":{"line":21,"column":2},"end":{"line":52,"column":3}},{"start":{"line":21,"column":2},"end":{"line":52,"column":3}}],"line":21}},"s":{"0":1,"1":1,"2":7,"3":3,"4":4,"5":4,"6":1,"7":1,"8":1,"9":1},"f":{"0":1,"1":7,"2":4,"3":1},"b":{"0":[3,4]},"_coverageSchema":"1a1c01bbd47fc00a2c39e90264f33305004495a9","hash":"d8ee978e4c499b14094754ddb7df62aab86c42cf"}
,"/Users/knekkal/Desktop/sub-reddit/src/components/common/postView.jsx": {"path":"/Users/knekkal/Desktop/sub-reddit/src/components/common/postView.jsx","statementMap":{"0":{"start":{"line":8,"column":17},"end":{"line":8,"column":53}},"1":{"start":{"line":9,"column":17},"end":{"line":9,"column":31}},"2":{"start":{"line":15,"column":18},"end":{"line":38,"column":2}},"3":{"start":{"line":41,"column":2},"end":{"line":41,"column":28}},"4":{"start":{"line":44,"column":24},"end":{"line":124,"column":1}},"5":{"start":{"line":53,"column":18},"end":{"line":53,"column":29}},"6":{"start":{"line":54,"column":26},"end":{"line":54,"column":41}},"7":{"start":{"line":55,"column":2},"end":{"line":123,"column":4}},"8":{"start":{"line":65,"column":29},"end":{"line":65,"column":46}},"9":{"start":{"line":70,"column":30},"end":{"line":70,"column":47}}},"fnMap":{"0":{"name":"createMarkup","decl":{"start":{"line":40,"column":9},"end":{"line":40,"column":21}},"loc":{"start":{"line":40,"column":30},"end":{"line":42,"column":1}},"line":40},"1":{"name":"(anonymous_1)","decl":{"start":{"line":44,"column":24},"end":{"line":44,"column":25}},"loc":{"start":{"line":52,"column":6},"end":{"line":124,"column":1}},"line":52},"2":{"name":"(anonymous_2)","decl":{"start":{"line":65,"column":23},"end":{"line":65,"column":24}},"loc":{"start":{"line":65,"column":29},"end":{"line":65,"column":46}},"line":65},"3":{"name":"(anonymous_3)","decl":{"start":{"line":70,"column":23},"end":{"line":70,"column":24}},"loc":{"start":{"line":70,"column":30},"end":{"line":70,"column":47}},"line":70}},"branchMap":{"0":{"loc":{"start":{"line":108,"column":15},"end":{"line":112,"column":15}},"type":"cond-expr","locations":[{"start":{"line":109,"column":16},"end":{"line":109,"column":64}},{"start":{"line":111,"column":16},"end":{"line":111,"column":23}}],"line":108},"1":{"loc":{"start":{"line":108,"column":15},"end":{"line":108,"column":42}},"type":"binary-expr","locations":[{"start":{"line":108,"column":15},"end":{"line":108,"column":18}},{"start":{"line":108,"column":22},"end":{"line":108,"column":42}}],"line":108}},"s":{"0":1,"1":1,"2":1,"3":2,"4":1,"5":2,"6":2,"7":2,"8":1,"9":0},"f":{"0":2,"1":2,"2":1,"3":0},"b":{"0":[2,0],"1":[2,2]},"_coverageSchema":"1a1c01bbd47fc00a2c39e90264f33305004495a9","hash":"7c2604e13a9f9f416c0f2350af5d67ea04adef2a"}
}
