TN:
SF:__test__/test-utils.js
FN:6,(anonymous_0)
FN:10,(anonymous_1)
FNF:2
FNH:2
FNDA:6,(anonymous_0)
FNDA:6,(anonymous_1)
DA:6,6
DA:7,6
DA:10,6
DA:11,6
LF:4
LH:4
BRDA:10,0,0,6
BRF:1
BRH:1
end_of_record
TN:
SF:__test__/data/postComments.js
FNF:0
FNH:0
DA:1,1
LF:1
LH:1
BRF:0
BRH:0
end_of_record
TN:
SF:pages/index.js
FN:3,(anonymous_0)
FNF:1
FNH:1
FNDA:1,(anonymous_0)
DA:3,1
LF:1
LH:1
BRF:0
BRH:0
end_of_record
TN:
SF:src/components/header.jsx
FN:9,(anonymous_0)
FN:22,Header
FNF:2
FNH:2
FNDA:1,(anonymous_0)
FNDA:1,Header
DA:9,1
DA:23,1
DA:25,1
LF:3
LH:3
BRF:0
BRH:0
end_of_record
TN:
SF:src/components/subHeader.jsx
FN:7,getImage
FN:11,ButtonAppBar
FNF:2
FNH:2
FNDA:2,getImage
FNDA:1,ButtonAppBar
DA:5,1
DA:8,2
DA:12,1
LF:3
LH:3
BRDA:8,0,0,1
BRDA:8,0,1,1
BRF:2
BRH:2
end_of_record
TN:
SF:src/components/common/about.jsx
FN:4,Display
FNF:1
FNH:1
FNDA:1,Display
DA:5,1
LF:1
LH:1
BRF:0
BRH:0
end_of_record
TN:
SF:src/components/common/postComment.jsx
FN:9,(anonymous_0)
FN:20,replieComments
FN:22,(anonymous_2)
FN:55,(anonymous_3)
FNF:4
FNH:4
FNDA:1,(anonymous_0)
FNDA:7,replieComments
FNDA:4,(anonymous_2)
FNDA:1,(anonymous_3)
DA:9,1
DA:21,7
DA:22,3
DA:23,4
DA:51,4
DA:55,1
DA:56,1
DA:57,1
DA:58,1
LF:9
LH:9
BRDA:21,0,0,3
BRDA:21,0,1,4
BRF:2
BRH:2
end_of_record
TN:
SF:src/components/common/postView.jsx
FN:40,createMarkup
FN:44,(anonymous_1)
FN:65,(anonymous_2)
FN:70,(anonymous_3)
FNF:4
FNH:3
FNDA:2,createMarkup
FNDA:2,(anonymous_1)
FNDA:1,(anonymous_2)
FNDA:0,(anonymous_3)
DA:8,1
DA:9,1
DA:15,1
DA:41,2
DA:44,1
DA:53,2
DA:54,2
DA:55,2
DA:65,1
DA:70,0
LF:10
LH:9
BRDA:108,0,0,2
BRDA:108,0,1,0
BRDA:108,1,0,2
BRDA:108,1,1,2
BRF:4
BRH:3
end_of_record
