TN:
SF:__test__/test-utils.js
FN:6,(anonymous_0)
FN:10,(anonymous_1)
FNF:2
FNH:2
FNDA:6,(anonymous_0)
FNDA:5,(anonymous_1)
DA:6,5
DA:7,6
DA:10,5
DA:11,5
LF:4
LH:4
BRDA:10,0,0,5
BRF:1
BRH:1
end_of_record
TN:
SF:__test__/data/postComments.js
FNF:0
FNH:0
DA:1,1
LF:1
LH:1
BRF:0
BRH:0
end_of_record
TN:
SF:pages/index.js
FN:3,(anonymous_0)
FNF:1
FNH:1
FNDA:1,(anonymous_0)
DA:3,1
LF:1
LH:1
BRF:0
BRH:0
end_of_record
TN:
SF:src/components/header.jsx
FN:9,(anonymous_0)
FN:22,Header
FNF:2
FNH:2
FNDA:1,(anonymous_0)
FNDA:1,Header
DA:9,1
DA:23,1
DA:25,1
LF:3
LH:3
BRF:0
BRH:0
end_of_record
TN:
SF:src/components/subHeader.jsx
FN:7,ButtonAppBar
FNF:1
FNH:1
FNDA:1,ButtonAppBar
DA:5,1
DA:8,1
LF:2
LH:2
BRDA:17,0,0,0
BRDA:17,0,1,1
BRF:2
BRH:1
end_of_record
TN:
SF:src/components/common/about.jsx
FN:4,Display
FNF:1
FNH:1
FNDA:1,Display
DA:5,1
LF:1
LH:1
BRF:0
BRH:0
end_of_record
TN:
SF:src/components/common/postComment.jsx
FN:9,(anonymous_0)
FN:20,(anonymous_1)
FN:26,(anonymous_2)
FN:58,(anonymous_3)
FN:63,(anonymous_4)
FNF:5
FNH:0
FNDA:0,(anonymous_0)
FNDA:0,(anonymous_1)
FNDA:0,(anonymous_2)
FNDA:0,(anonymous_3)
FNDA:0,(anonymous_4)
DA:9,1
DA:20,1
DA:21,0
DA:24,0
DA:25,0
DA:26,0
DA:27,0
DA:54,0
DA:58,1
DA:59,0
DA:61,0
DA:63,0
DA:64,0
DA:92,0
LF:14
LH:3
BRDA:24,0,0,0
BRDA:24,0,1,0
BRF:2
BRH:0
end_of_record
